c:\users\kaitlyn.hornbuckle\source\repos\morse code binary search tree\morse code binary search tree\debug\vc142.pdb
c:\users\kaitlyn.hornbuckle\source\repos\morse code binary search tree\morse code binary search tree\debug\vc142.idb
c:\users\kaitlyn.hornbuckle\source\repos\morse code binary search tree\morse code binary search tree\debug\bstnode.obj
c:\users\kaitlyn.hornbuckle\source\repos\morse code binary search tree\morse code binary search tree\debug\main.obj
c:\users\kaitlyn.hornbuckle\source\repos\morse code binary search tree\morse code binary search tree\debug\bst.obj
c:\users\kaitlyn.hornbuckle\source\repos\morse code binary search tree\debug\morse code binary search tree.pdb
c:\users\kaitlyn.hornbuckle\source\repos\morse code binary search tree\morse code binary search tree\debug\morse co.447e804e.tlog\cl.command.1.tlog
c:\users\kaitlyn.hornbuckle\source\repos\morse code binary search tree\morse code binary search tree\debug\morse co.447e804e.tlog\cl.read.1.tlog
c:\users\kaitlyn.hornbuckle\source\repos\morse code binary search tree\morse code binary search tree\debug\morse co.447e804e.tlog\cl.write.1.tlog
c:\users\kaitlyn.hornbuckle\source\repos\morse code binary search tree\morse code binary search tree\debug\morse co.447e804e.tlog\link-cvtres.read.1.tlog
c:\users\kaitlyn.hornbuckle\source\repos\morse code binary search tree\morse code binary search tree\debug\morse co.447e804e.tlog\link-cvtres.write.1.tlog
c:\users\kaitlyn.hornbuckle\source\repos\morse code binary search tree\morse code binary search tree\debug\morse co.447e804e.tlog\link-rc.read.1.tlog
c:\users\kaitlyn.hornbuckle\source\repos\morse code binary search tree\morse code binary search tree\debug\morse co.447e804e.tlog\link-rc.write.1.tlog
c:\users\kaitlyn.hornbuckle\source\repos\morse code binary search tree\morse code binary search tree\debug\morse co.447e804e.tlog\link.1500-cvtres.read.1.tlog
c:\users\kaitlyn.hornbuckle\source\repos\morse code binary search tree\morse code binary search tree\debug\morse co.447e804e.tlog\link.1500-cvtres.write.1.tlog
c:\users\kaitlyn.hornbuckle\source\repos\morse code binary search tree\morse code binary search tree\debug\morse co.447e804e.tlog\link.1500-rc.read.1.tlog
c:\users\kaitlyn.hornbuckle\source\repos\morse code binary search tree\morse code binary search tree\debug\morse co.447e804e.tlog\link.1500-rc.write.1.tlog
c:\users\kaitlyn.hornbuckle\source\repos\morse code binary search tree\morse code binary search tree\debug\morse co.447e804e.tlog\link.1500.read.1.tlog
c:\users\kaitlyn.hornbuckle\source\repos\morse code binary search tree\morse code binary search tree\debug\morse co.447e804e.tlog\link.1500.write.1.tlog
c:\users\kaitlyn.hornbuckle\source\repos\morse code binary search tree\morse code binary search tree\debug\morse co.447e804e.tlog\link.command.1.tlog
c:\users\kaitlyn.hornbuckle\source\repos\morse code binary search tree\morse code binary search tree\debug\morse co.447e804e.tlog\link.read.1.tlog
c:\users\kaitlyn.hornbuckle\source\repos\morse code binary search tree\morse code binary search tree\debug\morse co.447e804e.tlog\link.write.1.tlog
